<?xml version="1.0" encoding="UTF-8"?>
<!-- Generated by org.testng.reporters.JUnitReportReporter -->
<testsuite hostname="RAHUL" failures="0" tests="1" name="qawingifytestfile.Senario_1" time="5.146" errors="0" timestamp="2024-05-25T18:30:27 IST" skipped="0">
  <testcase classname="qawingifytestfile.Senario_1" name="end_to_end" time="5.146"/>
  <system-out/>
</testsuite> <!-- qawingifytestfile.Senario_1 -->
